# JRE version: OpenJDK Runtime Environment Temurin-17.0.13+11 (17.0.13+11) (build 17.0.13+11)
# Java VM: OpenJDK 64-Bit Server VM Temurin-17.0.13+11 (17.0.13+11, mixed mode, tiered, compressed oops, compressed class ptrs, parallel gc, windows-amd64)
GC Precious Log:
 CPUs: 12 total, 12 available
 Memory: 16068M
 Large Page Support: Disabled
 NUMA Support: Disabled
 Compressed Oops: Enabled (32-bit)
 Alignments: Space 512K, Generation 512K, Heap 2M
 Heap Min Capacity: 100M
 Heap Initial Capacity: 100M
 Heap Max Capacity: 1G
 Pre-touch: Disabled
 Parallel Workers: 10
Heap:
 PSYoungGen      total 17408K, used 12755K [0x00000000eab00000, 0x00000000ec400000, 0x0000000100000000)
  eden space 12288K, 64% used [0x00000000eab00000,0x00000000eb2b54f0,0x00000000eb700000)
  from space 5120K, 94% used [0x00000000eb700000,0x00000000ebbbfa90,0x00000000ebc00000)
  to   space 6144K, 0% used [0x00000000ebe00000,0x00000000ebe00000,0x00000000ec400000)
 ParOldGen       total 276992K, used 245757K [0x00000000c0000000, 0x00000000d0e80000, 0x00000000eab00000)
  object space 276992K, 88% used [0x00000000c0000000,0x00000000cefff750,0x00000000d0e80000)
 Metaspace       used 102843K, committed 104448K, reserved 1179648K
  class space    used 12159K, committed 12928K, reserved 1048576K
GC Heap History (20 events):
Event: 169.524 GC heap before
{Heap before GC invocations=1554 (full 25):
 PSYoungGen      total 38912K, used 38904K [0x00000000eab00000, 0x00000000ef780000, 0x0000000100000000)
  eden space 4608K, 100% used [0x00000000eab00000,0x00000000eaf80000,0x00000000eaf80000)
  from space 34304K, 99% used [0x00000000eaf80000,0x00000000ed0fe000,0x00000000ed100000)
  to   space 36352K, 0% used [0x00000000ed400000,0x00000000ed400000,0x00000000ef780000)
 ParOldGen       total 221696K, used 198694K [0x00000000c0000000, 0x00000000cd880000, 0x00000000eab00000)
  object space 221696K, 89% used [0x00000000c0000000,0x00000000cc209940,0x00000000cd880000)
 Metaspace       used 102758K, committed 104384K, reserved 1179648K
  class space    used 12155K, committed 12928K, reserved 1048576K
}
Event: 169.575 GC heap after
{Heap after GC invocations=1554 (full 25):
 PSYoungGen      total 40960K, used 35176K [0x00000000eab00000, 0x00000000ef680000, 0x0000000100000000)
  eden space 5632K, 0% used [0x00000000eab00000,0x00000000eab00000,0x00000000eb080000)
  from space 35328K, 99% used [0x00000000ed400000,0x00000000ef65a000,0x00000000ef680000)
  to   space 35840K, 0% used [0x00000000eb080000,0x00000000eb080000,0x00000000ed380000)
 ParOldGen       total 221696K, used 200942K [0x00000000c0000000, 0x00000000cd880000, 0x00000000eab00000)
  object space 221696K, 90% used [0x00000000c0000000,0x00000000cc43b940,0x00000000cd880000)
 Metaspace       used 102758K, committed 104384K, reserved 1179648K
  class space    used 12155K, committed 12928K, reserved 1048576K
}
Event: 169.647 GC heap before
{Heap before GC invocations=1555 (full 25):
 PSYoungGen      total 40960K, used 40808K [0x00000000eab00000, 0x00000000ef680000, 0x0000000100000000)
  eden space 5632K, 100% used [0x00000000eab00000,0x00000000eb080000,0x00000000eb080000)
  from space 35328K, 99% used [0x00000000ed400000,0x00000000ef65a000,0x00000000ef680000)
  to   space 35840K, 0% used [0x00000000eb080000,0x00000000eb080000,0x00000000ed380000)
 ParOldGen       total 221696K, used 200942K [0x00000000c0000000, 0x00000000cd880000, 0x00000000eab00000)
  object space 221696K, 90% used [0x00000000c0000000,0x00000000cc43b940,0x00000000cd880000)
 Metaspace       used 102761K, committed 104384K, reserved 1179648K
  class space    used 12155K, committed 12928K, reserved 1048576K
}
Event: 169.681 GC heap after
{Heap after GC invocations=1555 (full 25):
 PSYoungGen      total 33280K, used 27504K [0x00000000eab00000, 0x00000000eee00000, 0x0000000100000000)
  eden space 5632K, 0% used [0x00000000eab00000,0x00000000eab00000,0x00000000eb080000)
  from space 27648K, 99% used [0x00000000eb080000,0x00000000ecb5c000,0x00000000ecb80000)
  to   space 30720K, 0% used [0x00000000ed000000,0x00000000ed000000,0x00000000eee00000)
 ParOldGen       total 221696K, used 209510K [0x00000000c0000000, 0x00000000cd880000, 0x00000000eab00000)
  object space 221696K, 94% used [0x00000000c0000000,0x00000000ccc99940,0x00000000cd880000)
 Metaspace       used 102761K, committed 104384K, reserved 1179648K
  class space    used 12155K, committed 12928K, reserved 1048576K
}
Event: 169.694 GC heap before
{Heap before GC invocations=1556 (full 25):
 PSYoungGen      total 33280K, used 32707K [0x00000000eab00000, 0x00000000eee00000, 0x0000000100000000)
  eden space 5632K, 92% used [0x00000000eab00000,0x00000000eb014f48,0x00000000eb080000)
  from space 27648K, 99% used [0x00000000eb080000,0x00000000ecb5c000,0x00000000ecb80000)
  to   space 30720K, 0% used [0x00000000ed000000,0x00000000ed000000,0x00000000eee00000)
 ParOldGen       total 221696K, used 209510K [0x00000000c0000000, 0x00000000cd880000, 0x00000000eab00000)
  object space 221696K, 94% used [0x00000000c0000000,0x00000000ccc99940,0x00000000cd880000)
 Metaspace       used 102799K, committed 104384K, reserved 1179648K
  class space    used 12155K, committed 12928K, reserved 1048576K
}
Event: 169.717 GC heap after
{Heap after GC invocations=1556 (full 25):
 PSYoungGen      total 27136K, used 19712K [0x00000000eab00000, 0x00000000ee380000, 0x0000000100000000)
  eden space 7168K, 0% used [0x00000000eab00000,0x00000000eab00000,0x00000000eb200000)
  from space 19968K, 98% used [0x00000000ed000000,0x00000000ee340020,0x00000000ee380000)
  to   space 23552K, 0% used [0x00000000eb580000,0x00000000eb580000,0x00000000ecc80000)
 ParOldGen       total 221696K, used 219982K [0x00000000c0000000, 0x00000000cd880000, 0x00000000eab00000)
  object space 221696K, 99% used [0x00000000c0000000,0x00000000cd6d3940,0x00000000cd880000)
 Metaspace       used 102799K, committed 104384K, reserved 1179648K
  class space    used 12155K, committed 12928K, reserved 1048576K
}
Event: 169.879 GC heap before
{Heap before GC invocations=1557 (full 26):
 PSYoungGen      total 27136K, used 26880K [0x00000000eab00000, 0x00000000ee380000, 0x0000000100000000)
  eden space 7168K, 100% used [0x00000000eab00000,0x00000000eb200000,0x00000000eb200000)
  from space 19968K, 98% used [0x00000000ed000000,0x00000000ee340020,0x00000000ee380000)
  to   space 23552K, 0% used [0x00000000eb580000,0x00000000eb580000,0x00000000ecc80000)
 ParOldGen       total 221696K, used 219982K [0x00000000c0000000, 0x00000000cd880000, 0x00000000eab00000)
  object space 221696K, 99% used [0x00000000c0000000,0x00000000cd6d3940,0x00000000cd880000)
 Metaspace       used 102800K, committed 104384K, reserved 1179648K
  class space    used 12155K, committed 12928K, reserved 1048576K
}
Event: 170.420 GC heap after
{Heap after GC invocations=1557 (full 26):
 PSYoungGen      total 26624K, used 17331K [0x00000000eab00000, 0x00000000ee180000, 0x0000000100000000)
  eden space 8704K, 0% used [0x00000000eab00000,0x00000000eab00000,0x00000000eb380000)
  from space 17920K, 96% used [0x00000000ed000000,0x00000000ee0ecd78,0x00000000ee180000)
  to   space 23552K, 0% used [0x00000000eb380000,0x00000000eb380000,0x00000000eca80000)
 ParOldGen       total 221696K, used 221239K [0x00000000c0000000, 0x00000000cd880000, 0x00000000eab00000)
  object space 221696K, 99% used [0x00000000c0000000,0x00000000cd80dd00,0x00000000cd880000)
 Metaspace       used 102800K, committed 104384K, reserved 1179648K
  class space    used 12155K, committed 12928K, reserved 1048576K
}
Event: 170.481 GC heap before
{Heap before GC invocations=1558 (full 27):
 PSYoungGen      total 26624K, used 25586K [0x00000000eab00000, 0x00000000ee180000, 0x0000000100000000)
  eden space 8704K, 94% used [0x00000000eab00000,0x00000000eb30fd60,0x00000000eb380000)
  from space 17920K, 96% used [0x00000000ed000000,0x00000000ee0ecd78,0x00000000ee180000)
  to   space 23552K, 0% used [0x00000000eb380000,0x00000000eb380000,0x00000000eca80000)
 ParOldGen       total 221696K, used 221239K [0x00000000c0000000, 0x00000000cd880000, 0x00000000eab00000)
  object space 221696K, 99% used [0x00000000c0000000,0x00000000cd80dd00,0x00000000cd880000)
 Metaspace       used 102802K, committed 104384K, reserved 1179648K
  class space    used 12156K, committed 12928K, reserved 1048576K
}
Event: 170.812 GC heap after
{Heap after GC invocations=1558 (full 27):
 PSYoungGen      total 26624K, used 19577K [0x00000000eab00000, 0x00000000ee180000, 0x0000000100000000)
  eden space 8704K, 96% used [0x00000000eab00000,0x00000000eb331a10,0x00000000eb380000)
  from space 17920K, 62% used [0x00000000ed000000,0x00000000edaecc78,0x00000000ee180000)
  to   space 23552K, 0% used [0x00000000eb380000,0x00000000eb380000,0x00000000eca80000)
 ParOldGen       total 276992K, used 221504K [0x00000000c0000000, 0x00000000d0e80000, 0x00000000eab00000)
  object space 276992K, 79% used [0x00000000c0000000,0x00000000cd8503b8,0x00000000d0e80000)
 Metaspace       used 102802K, committed 104384K, reserved 1179648K
  class space    used 12156K, committed 12928K, reserved 1048576K
}
Event: 170.837 GC heap before
{Heap before GC invocations=1559 (full 27):
 PSYoungGen      total 26624K, used 19891K [0x00000000eab00000, 0x00000000ee180000, 0x0000000100000000)
  eden space 8704K, 100% used [0x00000000eab00000,0x00000000eb380000,0x00000000eb380000)
  from space 17920K, 62% used [0x00000000ed000000,0x00000000edaecc78,0x00000000ee180000)
  to   space 23552K, 0% used [0x00000000eb380000,0x00000000eb380000,0x00000000eca80000)
 ParOldGen       total 276992K, used 229187K [0x00000000c0000000, 0x00000000d0e80000, 0x00000000eab00000)
  object space 276992K, 82% used [0x00000000c0000000,0x00000000cdfd0ea0,0x00000000d0e80000)
 Metaspace       used 102807K, committed 104384K, reserved 1179648K
  class space    used 12158K, committed 12928K, reserved 1048576K
}
Event: 170.910 GC heap after
{Heap after GC invocations=1559 (full 27):
 PSYoungGen      total 19456K, used 10576K [0x00000000eab00000, 0x00000000ed180000, 0x0000000100000000)
  eden space 8704K, 0% used [0x00000000eab00000,0x00000000eab00000,0x00000000eb380000)
  from space 10752K, 98% used [0x00000000eb380000,0x00000000ebdd4000,0x00000000ebe00000)
  to   space 14848K, 0% used [0x00000000ec300000,0x00000000ec300000,0x00000000ed180000)
 ParOldGen       total 276992K, used 238595K [0x00000000c0000000, 0x00000000d0e80000, 0x00000000eab00000)
  object space 276992K, 86% used [0x00000000c0000000,0x00000000ce900ea0,0x00000000d0e80000)
 Metaspace       used 102807K, committed 104384K, reserved 1179648K
  class space    used 12158K, committed 12928K, reserved 1048576K
}
Event: 171.075 GC heap before
{Heap before GC invocations=1560 (full 27):
 PSYoungGen      total 19456K, used 19280K [0x00000000eab00000, 0x00000000ed180000, 0x0000000100000000)
  eden space 8704K, 100% used [0x00000000eab00000,0x00000000eb380000,0x00000000eb380000)
  from space 10752K, 98% used [0x00000000eb380000,0x00000000ebdd4000,0x00000000ebe00000)
  to   space 14848K, 0% used [0x00000000ec300000,0x00000000ec300000,0x00000000ed180000)
 ParOldGen       total 276992K, used 238595K [0x00000000c0000000, 0x00000000d0e80000, 0x00000000eab00000)
  object space 276992K, 86% used [0x00000000c0000000,0x00000000ce900ea0,0x00000000d0e80000)
 Metaspace       used 102818K, committed 104384K, reserved 1179648K
  class space    used 12159K, committed 12928K, reserved 1048576K
}
Event: 171.105 GC heap after
{Heap after GC invocations=1560 (full 27):
 PSYoungGen      total 17408K, used 7610K [0x00000000eab00000, 0x00000000eca80000, 0x0000000100000000)
  eden space 9728K, 0% used [0x00000000eab00000,0x00000000eab00000,0x00000000eb480000)
  from space 7680K, 99% used [0x00000000ec300000,0x00000000eca6e8a8,0x00000000eca80000)
  to   space 9728K, 0% used [0x00000000eb780000,0x00000000eb780000,0x00000000ec100000)
 ParOldGen       total 276992K, used 241609K [0x00000000c0000000, 0x00000000d0e80000, 0x00000000eab00000)
  object space 276992K, 87% used [0x00000000c0000000,0x00000000cebf2790,0x00000000d0e80000)
 Metaspace       used 102818K, committed 104384K, reserved 1179648K
  class space    used 12159K, committed 12928K, reserved 1048576K
}
Event: 171.234 GC heap before
{Heap before GC invocations=1561 (full 27):
 PSYoungGen      total 17408K, used 17338K [0x00000000eab00000, 0x00000000eca80000, 0x0000000100000000)
  eden space 9728K, 100% used [0x00000000eab00000,0x00000000eb480000,0x00000000eb480000)
  from space 7680K, 99% used [0x00000000ec300000,0x00000000eca6e8a8,0x00000000eca80000)
  to   space 9728K, 0% used [0x00000000eb780000,0x00000000eb780000,0x00000000ec100000)
 ParOldGen       total 276992K, used 241609K [0x00000000c0000000, 0x00000000d0e80000, 0x00000000eab00000)
  object space 276992K, 87% used [0x00000000c0000000,0x00000000cebf2790,0x00000000d0e80000)
 Metaspace       used 102822K, committed 104384K, reserved 1179648K
  class space    used 12159K, committed 12928K, reserved 1048576K
}
Event: 171.266 GC heap after
{Heap after GC invocations=1561 (full 27):
 PSYoungGen      total 19456K, used 8270K [0x00000000eab00000, 0x00000000ec680000, 0x0000000100000000)
  eden space 10752K, 0% used [0x00000000eab00000,0x00000000eab00000,0x00000000eb580000)
  from space 8704K, 95% used [0x00000000eb780000,0x00000000ebf93810,0x00000000ec000000)
  to   space 6656K, 0% used [0x00000000ec000000,0x00000000ec000000,0x00000000ec680000)
 ParOldGen       total 276992K, used 241609K [0x00000000c0000000, 0x00000000d0e80000, 0x00000000eab00000)
  object space 276992K, 87% used [0x00000000c0000000,0x00000000cebf2790,0x00000000d0e80000)
 Metaspace       used 102822K, committed 104384K, reserved 1179648K
  class space    used 12159K, committed 12928K, reserved 1048576K
}
Event: 171.435 GC heap before
{Heap before GC invocations=1562 (full 27):
 PSYoungGen      total 19456K, used 19022K [0x00000000eab00000, 0x00000000ec680000, 0x0000000100000000)
  eden space 10752K, 100% used [0x00000000eab00000,0x00000000eb580000,0x00000000eb580000)
  from space 8704K, 95% used [0x00000000eb780000,0x00000000ebf93810,0x00000000ec000000)
  to   space 6656K, 0% used [0x00000000ec000000,0x00000000ec000000,0x00000000ec680000)
 ParOldGen       total 276992K, used 241609K [0x00000000c0000000, 0x00000000d0e80000, 0x00000000eab00000)
  object space 276992K, 87% used [0x00000000c0000000,0x00000000cebf2790,0x00000000d0e80000)
 Metaspace       used 102828K, committed 104384K, reserved 1179648K
  class space    used 12159K, committed 12928K, reserved 1048576K
}
Event: 171.476 GC heap after
{Heap after GC invocations=1562 (full 27):
 PSYoungGen      total 18944K, used 6635K [0x00000000eab00000, 0x00000000ec800000, 0x0000000100000000)
  eden space 12288K, 0% used [0x00000000eab00000,0x00000000eab00000,0x00000000eb700000)
  from space 6656K, 99% used [0x00000000ec000000,0x00000000ec67ad08,0x00000000ec680000)
  to   space 8704K, 0% used [0x00000000eb700000,0x00000000eb700000,0x00000000ebf80000)
 ParOldGen       total 276992K, used 243203K [0x00000000c0000000, 0x00000000d0e80000, 0x00000000eab00000)
  object space 276992K, 87% used [0x00000000c0000000,0x00000000ced80f28,0x00000000d0e80000)
 Metaspace       used 102828K, committed 104384K, reserved 1179648K
  class space    used 12159K, committed 12928K, reserved 1048576K
}
Event: 171.650 GC heap before
{Heap before GC invocations=1563 (full 27):
 PSYoungGen      total 18944K, used 18923K [0x00000000eab00000, 0x00000000ec800000, 0x0000000100000000)
  eden space 12288K, 100% used [0x00000000eab00000,0x00000000eb700000,0x00000000eb700000)
  from space 6656K, 99% used [0x00000000ec000000,0x00000000ec67ad08,0x00000000ec680000)
  to   space 8704K, 0% used [0x00000000eb700000,0x00000000eb700000,0x00000000ebf80000)
 ParOldGen       total 276992K, used 243203K [0x00000000c0000000, 0x00000000d0e80000, 0x00000000eab00000)
  object space 276992K, 87% used [0x00000000c0000000,0x00000000ced80f28,0x00000000d0e80000)
 Metaspace       used 102837K, committed 104384K, reserved 1179648K
  class space    used 12159K, committed 12928K, reserved 1048576K
}
Event: 171.675 GC heap after
{Heap after GC invocations=1563 (full 27):
 PSYoungGen      total 17408K, used 4862K [0x00000000eab00000, 0x00000000ec400000, 0x0000000100000000)
  eden space 12288K, 0% used [0x00000000eab00000,0x00000000eab00000,0x00000000eb700000)
  from space 5120K, 94% used [0x00000000eb700000,0x00000000ebbbfa90,0x00000000ebc00000)
  to   space 6144K, 0% used [0x00000000ebe00000,0x00000000ebe00000,0x00000000ec400000)
 ParOldGen       total 276992K, used 245757K [0x00000000c0000000, 0x00000000d0e80000, 0x00000000eab00000)
  object space 276992K, 88% used [0x00000000c0000000,0x00000000cefff750,0x00000000d0e80000)
 Metaspace       used 102837K, committed 104384K, reserved 1179648K
  class space    used 12159K, committed 12928K, reserved 1048576K
}

